INFO : Apple page logged in : 2024-06-10 16:57:13,093
INFO : Apple page logged in : 2024-06-10 16:57:13,093
INFO : username entered : 2024-06-10 16:57:15,044
INFO : username entered : 2024-06-10 16:57:15,044
INFO : password entered : 2024-06-10 16:57:16,398
INFO : password entered : 2024-06-10 16:57:16,398
INFO : 16GB unified memory, 256GB SSD storage, 30W USB-C Power Adapter, Apple M2 chip with 8-core CPU, 8-core GPU, 16-core Neural Engine, 1080p FaceTime HD camera, Two Thunderbolt / USB 4 ports, MagSafe 3 charging port, 13.6-inch Liquid Retina display with True Tone, Backlit Magic Keyboard - US English, Accessory Kit used for India, logic pro, None : 2024-06-10 16:57:44,450
INFO : 16GB unified memory, 256GB SSD storage, 30W USB-C Power Adapter, Apple M2 chip with 8-core CPU, 8-core GPU, 16-core Neural Engine, 1080p FaceTime HD camera, Two Thunderbolt / USB 4 ports, MagSafe 3 charging port, 13.6-inch Liquid Retina display with True Tone, Backlit Magic Keyboard - US English, Accessory Kit used for India, logic pro, None : 2024-06-10 16:57:44,450
INFO : 16GB unified memory, 256GB SSD storage, 30W USB-C Power Adapter, Apple M2 chip with 8-core CPU, 8-core GPU, 16-core Neural Engine, 1080p FaceTime HD camera, Two Thunderbolt / USB 4 ports, MagSafe 3 charging port, 13.6-inch Liquid Retina display with True Tone, Backlit Magic Keyboard - US English, Accessory Kit used for India, logic pro, None : 2024-06-10 16:57:44,450
INFO : Configure page entered : 2024-06-10 16:57:44,450
INFO : Configure page entered : 2024-06-10 16:57:44,450
INFO : Configure page entered : 2024-06-10 16:57:44,450
INFO : Configured Successfully : 2024-06-10 16:57:58,973
INFO : Configured Successfully : 2024-06-10 16:57:58,973
INFO : Configured Successfully : 2024-06-10 16:57:58,973
INFO : Quantity Entered : 2024-06-10 16:58:04,180
INFO : Quantity Entered : 2024-06-10 16:58:04,180
INFO : Quantity Entered : 2024-06-10 16:58:04,180
INFO : Quantity Entered : 2024-06-10 16:58:04,180
INFO : Address Selected : 2024-06-10 16:58:05,546
INFO : Address Selected : 2024-06-10 16:58:05,546
INFO : Address Selected : 2024-06-10 16:58:05,546
INFO : Address Selected : 2024-06-10 16:58:05,546
INFO : unitprice, totalprice, qty taken : 2024-06-10 16:58:08,242
INFO : unitprice, totalprice, qty taken : 2024-06-10 16:58:08,242
INFO : unitprice, totalprice, qty taken : 2024-06-10 16:58:08,242
INFO : unitprice, totalprice, qty taken : 2024-06-10 16:58:08,242
INFO : specification clicked : 2024-06-10 16:58:08,365
INFO : specification clicked : 2024-06-10 16:58:08,365
INFO : specification clicked : 2024-06-10 16:58:08,365
INFO : specification clicked : 2024-06-10 16:58:08,365
INFO : specification taken : 2024-06-10 16:58:11,028
INFO : specification taken : 2024-06-10 16:58:11,028
INFO : specification taken : 2024-06-10 16:58:11,028
INFO : specification taken : 2024-06-10 16:58:11,028
INFO : OrderPlacedSuccessfully : 2024-06-10 16:58:11,114
INFO : OrderPlacedSuccessfully : 2024-06-10 16:58:11,114
INFO : OrderPlacedSuccessfully : 2024-06-10 16:58:11,114
INFO : OrderPlacedSuccessfully : 2024-06-10 16:58:11,114
INFO : =======================================S10507-G71NULYTO6CFA56_1======================================================= : 2024-06-10 16:58:11,114
INFO : =======================================S10507-G71NULYTO6CFA56_1======================================================= : 2024-06-10 16:58:11,114
INFO : =======================================S10507-G71NULYTO6CFA56_1======================================================= : 2024-06-10 16:58:11,114
INFO : =======================================S10507-G71NULYTO6CFA56_1======================================================= : 2024-06-10 16:58:11,114
INFO : Apple page logged in : 2024-06-10 16:58:11,950
INFO : Apple page logged in : 2024-06-10 16:58:11,950
INFO : Apple page logged in : 2024-06-10 16:58:11,950
INFO : Apple page logged in : 2024-06-10 16:58:11,950
INFO : Apple page logged in : 2024-06-10 16:58:11,950
INFO : username entered : 2024-06-10 16:58:13,915
INFO : username entered : 2024-06-10 16:58:13,915
INFO : username entered : 2024-06-10 16:58:13,915
INFO : username entered : 2024-06-10 16:58:13,915
INFO : username entered : 2024-06-10 16:58:13,915
INFO : password entered : 2024-06-10 16:58:15,217
INFO : password entered : 2024-06-10 16:58:15,217
INFO : password entered : 2024-06-10 16:58:15,217
INFO : password entered : 2024-06-10 16:58:15,217
INFO : password entered : 2024-06-10 16:58:15,217
INFO : 16GB unified memory, 256GB SSD storage, 30W USB-C Power Adapter, Apple M2 chip with 8-core CPU, 8-core GPU, 16-core Neural Engine, 1080p FaceTime HD camera, Two Thunderbolt / USB 4 ports, MagSafe 3 charging port, 13.6-inch Liquid Retina display with True Tone, Backlit Magic Keyboard - US English, Accessory Kit used for India, None, None : 2024-06-10 16:58:29,951
INFO : 16GB unified memory, 256GB SSD storage, 30W USB-C Power Adapter, Apple M2 chip with 8-core CPU, 8-core GPU, 16-core Neural Engine, 1080p FaceTime HD camera, Two Thunderbolt / USB 4 ports, MagSafe 3 charging port, 13.6-inch Liquid Retina display with True Tone, Backlit Magic Keyboard - US English, Accessory Kit used for India, None, None : 2024-06-10 16:58:29,951
INFO : 16GB unified memory, 256GB SSD storage, 30W USB-C Power Adapter, Apple M2 chip with 8-core CPU, 8-core GPU, 16-core Neural Engine, 1080p FaceTime HD camera, Two Thunderbolt / USB 4 ports, MagSafe 3 charging port, 13.6-inch Liquid Retina display with True Tone, Backlit Magic Keyboard - US English, Accessory Kit used for India, None, None : 2024-06-10 16:58:29,951
INFO : 16GB unified memory, 256GB SSD storage, 30W USB-C Power Adapter, Apple M2 chip with 8-core CPU, 8-core GPU, 16-core Neural Engine, 1080p FaceTime HD camera, Two Thunderbolt / USB 4 ports, MagSafe 3 charging port, 13.6-inch Liquid Retina display with True Tone, Backlit Magic Keyboard - US English, Accessory Kit used for India, None, None : 2024-06-10 16:58:29,951
INFO : 16GB unified memory, 256GB SSD storage, 30W USB-C Power Adapter, Apple M2 chip with 8-core CPU, 8-core GPU, 16-core Neural Engine, 1080p FaceTime HD camera, Two Thunderbolt / USB 4 ports, MagSafe 3 charging port, 13.6-inch Liquid Retina display with True Tone, Backlit Magic Keyboard - US English, Accessory Kit used for India, None, None : 2024-06-10 16:58:29,951
INFO : 16GB unified memory, 256GB SSD storage, 30W USB-C Power Adapter, Apple M2 chip with 8-core CPU, 8-core GPU, 16-core Neural Engine, 1080p FaceTime HD camera, Two Thunderbolt / USB 4 ports, MagSafe 3 charging port, 13.6-inch Liquid Retina display with True Tone, Backlit Magic Keyboard - US English, Accessory Kit used for India, None, None : 2024-06-10 16:58:29,951
INFO : Configure page entered : 2024-06-10 16:58:29,951
INFO : Configure page entered : 2024-06-10 16:58:29,951
INFO : Configure page entered : 2024-06-10 16:58:29,951
INFO : Configure page entered : 2024-06-10 16:58:29,951
INFO : Configure page entered : 2024-06-10 16:58:29,951
INFO : Configure page entered : 2024-06-10 16:58:29,951
INFO : Configured Successfully : 2024-06-10 16:58:41,468
INFO : Configured Successfully : 2024-06-10 16:58:41,468
INFO : Configured Successfully : 2024-06-10 16:58:41,468
INFO : Configured Successfully : 2024-06-10 16:58:41,468
INFO : Configured Successfully : 2024-06-10 16:58:41,468
INFO : Configured Successfully : 2024-06-10 16:58:41,468
INFO : Quantity Entered : 2024-06-10 16:58:46,704
INFO : Quantity Entered : 2024-06-10 16:58:46,704
INFO : Quantity Entered : 2024-06-10 16:58:46,704
INFO : Quantity Entered : 2024-06-10 16:58:46,704
INFO : Quantity Entered : 2024-06-10 16:58:46,704
INFO : Quantity Entered : 2024-06-10 16:58:46,704
INFO : Quantity Entered : 2024-06-10 16:58:46,704
INFO : Address Selected : 2024-06-10 16:58:48,113
INFO : Address Selected : 2024-06-10 16:58:48,113
INFO : Address Selected : 2024-06-10 16:58:48,113
INFO : Address Selected : 2024-06-10 16:58:48,113
INFO : Address Selected : 2024-06-10 16:58:48,113
INFO : Address Selected : 2024-06-10 16:58:48,113
INFO : Address Selected : 2024-06-10 16:58:48,113
INFO : unitprice, totalprice, qty taken : 2024-06-10 16:58:51,128
INFO : unitprice, totalprice, qty taken : 2024-06-10 16:58:51,128
INFO : unitprice, totalprice, qty taken : 2024-06-10 16:58:51,128
INFO : unitprice, totalprice, qty taken : 2024-06-10 16:58:51,128
INFO : unitprice, totalprice, qty taken : 2024-06-10 16:58:51,128
INFO : unitprice, totalprice, qty taken : 2024-06-10 16:58:51,128
INFO : unitprice, totalprice, qty taken : 2024-06-10 16:58:51,128
INFO : specification clicked : 2024-06-10 16:58:51,284
INFO : specification clicked : 2024-06-10 16:58:51,284
INFO : specification clicked : 2024-06-10 16:58:51,284
INFO : specification clicked : 2024-06-10 16:58:51,284
INFO : specification clicked : 2024-06-10 16:58:51,284
INFO : specification clicked : 2024-06-10 16:58:51,284
INFO : specification clicked : 2024-06-10 16:58:51,284
INFO : specification taken : 2024-06-10 16:58:53,972
INFO : specification taken : 2024-06-10 16:58:53,972
INFO : specification taken : 2024-06-10 16:58:53,972
INFO : specification taken : 2024-06-10 16:58:53,972
INFO : specification taken : 2024-06-10 16:58:53,972
INFO : specification taken : 2024-06-10 16:58:53,972
INFO : specification taken : 2024-06-10 16:58:53,972
INFO : OrderPlacedSuccessfully : 2024-06-10 16:58:54,083
INFO : OrderPlacedSuccessfully : 2024-06-10 16:58:54,083
INFO : OrderPlacedSuccessfully : 2024-06-10 16:58:54,083
INFO : OrderPlacedSuccessfully : 2024-06-10 16:58:54,083
INFO : OrderPlacedSuccessfully : 2024-06-10 16:58:54,083
INFO : OrderPlacedSuccessfully : 2024-06-10 16:58:54,083
INFO : OrderPlacedSuccessfully : 2024-06-10 16:58:54,083
INFO : =======================================S34027-VOY8UYP985YPEXG_1======================================================= : 2024-06-10 16:58:54,083
INFO : =======================================S34027-VOY8UYP985YPEXG_1======================================================= : 2024-06-10 16:58:54,083
INFO : =======================================S34027-VOY8UYP985YPEXG_1======================================================= : 2024-06-10 16:58:54,083
INFO : =======================================S34027-VOY8UYP985YPEXG_1======================================================= : 2024-06-10 16:58:54,083
INFO : =======================================S34027-VOY8UYP985YPEXG_1======================================================= : 2024-06-10 16:58:54,083
INFO : =======================================S34027-VOY8UYP985YPEXG_1======================================================= : 2024-06-10 16:58:54,083
INFO : =======================================S34027-VOY8UYP985YPEXG_1======================================================= : 2024-06-10 16:58:54,083
INFO : Apple page logged in : 2024-06-10 16:58:55,010
INFO : Apple page logged in : 2024-06-10 16:58:55,010
INFO : Apple page logged in : 2024-06-10 16:58:55,010
INFO : Apple page logged in : 2024-06-10 16:58:55,010
INFO : Apple page logged in : 2024-06-10 16:58:55,010
INFO : Apple page logged in : 2024-06-10 16:58:55,010
INFO : Apple page logged in : 2024-06-10 16:58:55,010
INFO : Apple page logged in : 2024-06-10 16:58:55,010
INFO : username entered : 2024-06-10 16:58:56,629
INFO : username entered : 2024-06-10 16:58:56,629
INFO : username entered : 2024-06-10 16:58:56,629
INFO : username entered : 2024-06-10 16:58:56,629
INFO : username entered : 2024-06-10 16:58:56,629
INFO : username entered : 2024-06-10 16:58:56,629
INFO : username entered : 2024-06-10 16:58:56,629
INFO : username entered : 2024-06-10 16:58:56,629
INFO : password entered : 2024-06-10 16:58:57,931
INFO : password entered : 2024-06-10 16:58:57,931
INFO : password entered : 2024-06-10 16:58:57,931
INFO : password entered : 2024-06-10 16:58:57,931
INFO : password entered : 2024-06-10 16:58:57,931
INFO : password entered : 2024-06-10 16:58:57,931
INFO : password entered : 2024-06-10 16:58:57,931
INFO : password entered : 2024-06-10 16:58:57,931
INFO : 16GB unified memory, 256GB SSD storage, 30W USB-C Power Adapter, Apple M2 chip with 8-core CPU, 8-core GPU, 16-core Neural Engine, 1080p FaceTime HD camera, Two Thunderbolt / USB 4 ports, MagSafe 3 charging port, 13.6-inch Liquid Retina display with True Tone, Backlit Magic Keyboard - US English, Accessory Kit used for India, None, None : 2024-06-10 16:59:12,675
INFO : 16GB unified memory, 256GB SSD storage, 30W USB-C Power Adapter, Apple M2 chip with 8-core CPU, 8-core GPU, 16-core Neural Engine, 1080p FaceTime HD camera, Two Thunderbolt / USB 4 ports, MagSafe 3 charging port, 13.6-inch Liquid Retina display with True Tone, Backlit Magic Keyboard - US English, Accessory Kit used for India, None, None : 2024-06-10 16:59:12,675
INFO : 16GB unified memory, 256GB SSD storage, 30W USB-C Power Adapter, Apple M2 chip with 8-core CPU, 8-core GPU, 16-core Neural Engine, 1080p FaceTime HD camera, Two Thunderbolt / USB 4 ports, MagSafe 3 charging port, 13.6-inch Liquid Retina display with True Tone, Backlit Magic Keyboard - US English, Accessory Kit used for India, None, None : 2024-06-10 16:59:12,675
INFO : 16GB unified memory, 256GB SSD storage, 30W USB-C Power Adapter, Apple M2 chip with 8-core CPU, 8-core GPU, 16-core Neural Engine, 1080p FaceTime HD camera, Two Thunderbolt / USB 4 ports, MagSafe 3 charging port, 13.6-inch Liquid Retina display with True Tone, Backlit Magic Keyboard - US English, Accessory Kit used for India, None, None : 2024-06-10 16:59:12,675
INFO : 16GB unified memory, 256GB SSD storage, 30W USB-C Power Adapter, Apple M2 chip with 8-core CPU, 8-core GPU, 16-core Neural Engine, 1080p FaceTime HD camera, Two Thunderbolt / USB 4 ports, MagSafe 3 charging port, 13.6-inch Liquid Retina display with True Tone, Backlit Magic Keyboard - US English, Accessory Kit used for India, None, None : 2024-06-10 16:59:12,675
INFO : 16GB unified memory, 256GB SSD storage, 30W USB-C Power Adapter, Apple M2 chip with 8-core CPU, 8-core GPU, 16-core Neural Engine, 1080p FaceTime HD camera, Two Thunderbolt / USB 4 ports, MagSafe 3 charging port, 13.6-inch Liquid Retina display with True Tone, Backlit Magic Keyboard - US English, Accessory Kit used for India, None, None : 2024-06-10 16:59:12,675
INFO : 16GB unified memory, 256GB SSD storage, 30W USB-C Power Adapter, Apple M2 chip with 8-core CPU, 8-core GPU, 16-core Neural Engine, 1080p FaceTime HD camera, Two Thunderbolt / USB 4 ports, MagSafe 3 charging port, 13.6-inch Liquid Retina display with True Tone, Backlit Magic Keyboard - US English, Accessory Kit used for India, None, None : 2024-06-10 16:59:12,675
INFO : 16GB unified memory, 256GB SSD storage, 30W USB-C Power Adapter, Apple M2 chip with 8-core CPU, 8-core GPU, 16-core Neural Engine, 1080p FaceTime HD camera, Two Thunderbolt / USB 4 ports, MagSafe 3 charging port, 13.6-inch Liquid Retina display with True Tone, Backlit Magic Keyboard - US English, Accessory Kit used for India, None, None : 2024-06-10 16:59:12,675
INFO : 16GB unified memory, 256GB SSD storage, 30W USB-C Power Adapter, Apple M2 chip with 8-core CPU, 8-core GPU, 16-core Neural Engine, 1080p FaceTime HD camera, Two Thunderbolt / USB 4 ports, MagSafe 3 charging port, 13.6-inch Liquid Retina display with True Tone, Backlit Magic Keyboard - US English, Accessory Kit used for India, None, None : 2024-06-10 16:59:12,675
INFO : Configure page entered : 2024-06-10 16:59:12,677
INFO : Configure page entered : 2024-06-10 16:59:12,677
INFO : Configure page entered : 2024-06-10 16:59:12,677
INFO : Configure page entered : 2024-06-10 16:59:12,677
INFO : Configure page entered : 2024-06-10 16:59:12,677
INFO : Configure page entered : 2024-06-10 16:59:12,677
INFO : Configure page entered : 2024-06-10 16:59:12,677
INFO : Configure page entered : 2024-06-10 16:59:12,677
INFO : Configure page entered : 2024-06-10 16:59:12,677
INFO : Configured Successfully : 2024-06-10 16:59:24,129
INFO : Configured Successfully : 2024-06-10 16:59:24,129
INFO : Configured Successfully : 2024-06-10 16:59:24,129
INFO : Configured Successfully : 2024-06-10 16:59:24,129
INFO : Configured Successfully : 2024-06-10 16:59:24,129
INFO : Configured Successfully : 2024-06-10 16:59:24,129
INFO : Configured Successfully : 2024-06-10 16:59:24,129
INFO : Configured Successfully : 2024-06-10 16:59:24,129
INFO : Configured Successfully : 2024-06-10 16:59:24,129
INFO : Quantity Entered : 2024-06-10 16:59:30,497
INFO : Quantity Entered : 2024-06-10 16:59:30,497
INFO : Quantity Entered : 2024-06-10 16:59:30,497
INFO : Quantity Entered : 2024-06-10 16:59:30,497
INFO : Quantity Entered : 2024-06-10 16:59:30,497
INFO : Quantity Entered : 2024-06-10 16:59:30,497
INFO : Quantity Entered : 2024-06-10 16:59:30,497
INFO : Quantity Entered : 2024-06-10 16:59:30,497
INFO : Quantity Entered : 2024-06-10 16:59:30,497
INFO : Quantity Entered : 2024-06-10 16:59:30,497
INFO : Address Selected : 2024-06-10 16:59:31,900
INFO : Address Selected : 2024-06-10 16:59:31,900
INFO : Address Selected : 2024-06-10 16:59:31,900
INFO : Address Selected : 2024-06-10 16:59:31,900
INFO : Address Selected : 2024-06-10 16:59:31,900
INFO : Address Selected : 2024-06-10 16:59:31,900
INFO : Address Selected : 2024-06-10 16:59:31,900
INFO : Address Selected : 2024-06-10 16:59:31,900
INFO : Address Selected : 2024-06-10 16:59:31,900
INFO : Address Selected : 2024-06-10 16:59:31,900
INFO : unitprice, totalprice, qty taken : 2024-06-10 16:59:34,530
INFO : unitprice, totalprice, qty taken : 2024-06-10 16:59:34,530
INFO : unitprice, totalprice, qty taken : 2024-06-10 16:59:34,530
INFO : unitprice, totalprice, qty taken : 2024-06-10 16:59:34,530
INFO : unitprice, totalprice, qty taken : 2024-06-10 16:59:34,530
INFO : unitprice, totalprice, qty taken : 2024-06-10 16:59:34,530
INFO : unitprice, totalprice, qty taken : 2024-06-10 16:59:34,530
INFO : unitprice, totalprice, qty taken : 2024-06-10 16:59:34,530
INFO : unitprice, totalprice, qty taken : 2024-06-10 16:59:34,530
INFO : unitprice, totalprice, qty taken : 2024-06-10 16:59:34,530
INFO : specification clicked : 2024-06-10 16:59:34,637
INFO : specification clicked : 2024-06-10 16:59:34,637
INFO : specification clicked : 2024-06-10 16:59:34,637
INFO : specification clicked : 2024-06-10 16:59:34,637
INFO : specification clicked : 2024-06-10 16:59:34,637
INFO : specification clicked : 2024-06-10 16:59:34,637
INFO : specification clicked : 2024-06-10 16:59:34,637
INFO : specification clicked : 2024-06-10 16:59:34,637
INFO : specification clicked : 2024-06-10 16:59:34,637
INFO : specification clicked : 2024-06-10 16:59:34,637
INFO : specification taken : 2024-06-10 16:59:37,299
INFO : specification taken : 2024-06-10 16:59:37,299
INFO : specification taken : 2024-06-10 16:59:37,299
INFO : specification taken : 2024-06-10 16:59:37,299
INFO : specification taken : 2024-06-10 16:59:37,299
INFO : specification taken : 2024-06-10 16:59:37,299
INFO : specification taken : 2024-06-10 16:59:37,299
INFO : specification taken : 2024-06-10 16:59:37,299
INFO : specification taken : 2024-06-10 16:59:37,299
INFO : specification taken : 2024-06-10 16:59:37,299
INFO : OrderPlacedSuccessfully : 2024-06-10 16:59:37,412
INFO : OrderPlacedSuccessfully : 2024-06-10 16:59:37,412
INFO : OrderPlacedSuccessfully : 2024-06-10 16:59:37,412
INFO : OrderPlacedSuccessfully : 2024-06-10 16:59:37,412
INFO : OrderPlacedSuccessfully : 2024-06-10 16:59:37,412
INFO : OrderPlacedSuccessfully : 2024-06-10 16:59:37,412
INFO : OrderPlacedSuccessfully : 2024-06-10 16:59:37,412
INFO : OrderPlacedSuccessfully : 2024-06-10 16:59:37,412
INFO : OrderPlacedSuccessfully : 2024-06-10 16:59:37,412
INFO : OrderPlacedSuccessfully : 2024-06-10 16:59:37,412
INFO : =======================================S34027-CFSQ7UF6HOIN9EN_1======================================================= : 2024-06-10 16:59:37,412
INFO : =======================================S34027-CFSQ7UF6HOIN9EN_1======================================================= : 2024-06-10 16:59:37,412
INFO : =======================================S34027-CFSQ7UF6HOIN9EN_1======================================================= : 2024-06-10 16:59:37,412
INFO : =======================================S34027-CFSQ7UF6HOIN9EN_1======================================================= : 2024-06-10 16:59:37,412
INFO : =======================================S34027-CFSQ7UF6HOIN9EN_1======================================================= : 2024-06-10 16:59:37,412
INFO : =======================================S34027-CFSQ7UF6HOIN9EN_1======================================================= : 2024-06-10 16:59:37,412
INFO : =======================================S34027-CFSQ7UF6HOIN9EN_1======================================================= : 2024-06-10 16:59:37,412
INFO : =======================================S34027-CFSQ7UF6HOIN9EN_1======================================================= : 2024-06-10 16:59:37,412
INFO : =======================================S34027-CFSQ7UF6HOIN9EN_1======================================================= : 2024-06-10 16:59:37,412
INFO : =======================================S34027-CFSQ7UF6HOIN9EN_1======================================================= : 2024-06-10 16:59:37,412
